current directory: /home/runner/work/r-novice-gapminder/r-novice-gapminder/.vendor/bundle/ruby/2.7.0/gems/commonmarker-0.23.6/ext/commonmarker
/opt/hostedtoolcache/Ruby/2.7.7/x64/bin/ruby -I /opt/hostedtoolcache/Ruby/2.7.7/x64/lib/ruby/2.7.0 -r ./siteconf20221223-4422-fsggbw.rb extconf.rb
creating Makefile

current directory: /home/runner/work/r-novice-gapminder/r-novice-gapminder/.vendor/bundle/ruby/2.7.0/gems/commonmarker-0.23.6/ext/commonmarker
make "DESTDIR=" clean
make[1]: Entering directory '/home/runner/work/r-novice-gapminder/r-novice-gapminder/.vendor/bundle/ruby/2.7.0/gems/commonmarker-0.23.6/ext/commonmarker'
Makefile:176: warning: overriding recipe for target 'clean'
Äë
l§U:176: warning: ignoring old recipe for target 'clean'
Makefile:183: warning: overriding recipe for target 'distclean'
Äë
l§U:183: warning: ignoring old recipe for target 'distclean'
Makefile:191: warning: overriding recipe for target 'install-so'
Äë
l§U:191: warning: ignoring old recipe for target 'install-so'
Makefile:201: warning: overriding recipe for target 'pre-install-rb-default'
Äë
l§U:201: warning: ignoring old recipe for target 'pre-install-rb-default'
Makefile:203: warning: overriding recipe for target '.sitearchdir.-.commonmarker.time'
Äë
l§U:203: warning: ignoring old recipe for target '.sitearchdir.-.commonmarker.time'
Makefile:213: warning: overriding recipe for target '.cc.o'
Äë
l§U:213: warning: ignoring old recipe for target '.cc.o'
Makefile:217: warning: overriding recipe for target '.cc.S'
Äë
l§U:217: warning: ignoring old recipe for target '.cc.S'
Makefile:221: warning: overriding recipe for target '.mm.o'
Äë
l§U:221: warning: ignoring old recipe for target '.mm.o'
Makefile:225: warning: overriding recipe for target '.mm.S'
Äë
l§U:225: warning: ignoring old recipe for target '.mm.S'
Makefile:229: warning: overriding recipe for target '.cxx.o'
Äë
l§U:229: warning: ignoring old recipe for target '.cxx.o'
Makefile:233: warning: overriding recipe for target '.cxx.S'
Äë
l§U:233: warning: ignoring old recipe for target '.cxx.S'
Makefile:237: warning: overriding recipe for target '.cpp.o'
Äë
l§U:237: warning: ignoring old recipe for target '.cpp.o'
Makefile:241: warning: overriding recipe for target '.cpp.S'
Äë
l§U:241: warning: ignoring old recipe for target '.cpp.S'
Makefile:245: warning: overriding recipe for target '.c.o'
Äë
l§U:245: warning: ignoring old recipe for target '.c.o'
Makefile:249: warning: overriding recipe for target '.c.S'
Äë
l§U:249: warning: ignoring old recipe for target '.c.S'
Makefile:253: warning: overriding recipe for target '.m.o'
Äë
l§U:253: warning: ignoring old recipe for target '.m.o'
Makefile:257: warning: overriding recipe for target '.m.S'
Äë
l§U:257: warning: ignoring old recipe for target '.m.S'
Makefile:261: warning: overriding recipe for target 'commonmarker.so'
Äë
l§U:261: warning: ignoring old recipe for target 'commonmarker.so'
make[1]: Leaving directory '/home/runner/work/r-novice-gapminder/r-novice-gapminder/.vendor/bundle/ruby/2.7.0/gems/commonmarker-0.23.6/ext/commonmarker'

current directory: /home/runner/work/r-novice-gapminder/r-novice-gapminder/.vendor/bundle/ruby/2.7.0/gems/commonmarker-0.23.6/ext/commonmarker
make "DESTDIR="
make[1]: Entering directory '/home/runner/work/r-novice-gapminder/r-novice-gapminder/.vendor/bundle/ruby/2.7.0/gems/commonmarker-0.23.6/ext/commonmarker'
Makefile:176: warning: overriding recipe for target 'clean'
Ä·¥‘ΩU:176: warning: ignoring old recipe for target 'clean'
Makefile:183: warning: overriding recipe for target 'distclean'
Ä·¥‘ΩU:183: warning: ignoring old recipe for target 'distclean'
Makefile:191: warning: overriding recipe for target 'install-so'
Ä·¥‘ΩU:191: warning: ignoring old recipe for target 'install-so'
Makefile:201: warning: overriding recipe for target 'pre-install-rb-default'
Ä·¥‘ΩU:201: warning: ignoring old recipe for target 'pre-install-rb-default'
Makefile:203: warning: overriding recipe for target '.sitearchdir.-.commonmarker.time'
Ä·¥‘ΩU:203: warning: ignoring old recipe for target '.sitearchdir.-.commonmarker.time'
Makefile:213: warning: overriding recipe for target '.cc.o'
Ä·¥‘ΩU:213: warning: ignoring old recipe for target '.cc.o'
Makefile:217: warning: overriding recipe for target '.cc.S'
Ä·¥‘ΩU:217: warning: ignoring old recipe for target '.cc.S'
Makefile:221: warning: overriding recipe for target '.mm.o'
Ä·¥‘ΩU:221: warning: ignoring old recipe for target '.mm.o'
Makefile:225: warning: overriding recipe for target '.mm.S'
Ä·¥‘ΩU:225: warning: ignoring old recipe for target '.mm.S'
Makefile:229: warning: overriding recipe for target '.cxx.o'
Ä·¥‘ΩU:229: warning: ignoring old recipe for target '.cxx.o'
Makefile:233: warning: overriding recipe for target '.cxx.S'
Ä·¥‘ΩU:233: warning: ignoring old recipe for target '.cxx.S'
Makefile:237: warning: overriding recipe for target '.cpp.o'
Ä·¥‘ΩU:237: warning: ignoring old recipe for target '.cpp.o'
Makefile:241: warning: overriding recipe for target '.cpp.S'
Ä·¥‘ΩU:241: warning: ignoring old recipe for target '.cpp.S'
Makefile:245: warning: overriding recipe for target '.c.o'
Ä·¥‘ΩU:245: warning: ignoring old recipe for target '.c.o'
Makefile:249: warning: overriding recipe for target '.c.S'
Ä·¥‘ΩU:249: warning: ignoring old recipe for target '.c.S'
Makefile:253: warning: overriding recipe for target '.m.o'
Ä·¥‘ΩU:253: warning: ignoring old recipe for target '.m.o'
Makefile:257: warning: overriding recipe for target '.m.S'
Ä·¥‘ΩU:257: warning: ignoring old recipe for target '.m.S'
Makefile:261: warning: overriding recipe for target 'commonmarker.so'
Ä·¥‘ΩU:261: warning: ignoring old recipe for target 'commonmarker.so'
compiling arena.c
compiling autolink.c
compiling blocks.c
compiling buffer.c
compiling cmark.c
compiling cmark_ctype.c
compiling commonmark.c
compiling commonmarker.c
In file included from houdini.h:9,
                 from commonmarker.c:3:
config.h:8: warning: "HAVE_STDBOOL_H" redefined
    8 | #define HAVE_STDBOOL_H
      | 
In file included from /opt/hostedtoolcache/Ruby/2.7.7/x64/include/ruby-2.7.0/ruby/ruby.h:24,
                 from /opt/hostedtoolcache/Ruby/2.7.7/x64/include/ruby-2.7.0/ruby.h:33,
                 from commonmarker.h:9,
                 from commonmarker.c:1:
/opt/hostedtoolcache/Ruby/2.7.7/x64/include/ruby-2.7.0/x86_64-linux/ruby/config.h:38: note: this is the location of the previous definition
   38 | #define HAVE_STDBOOL_H 1
      | 
compiling core-extensions.c
compiling ext_scanners.c
compiling footnotes.c
compiling houdini_href_e.c
compiling houdini_html_e.c
compiling houdini_html_u.c
compiling html.c
compiling inlines.c
compiling iterator.c
compiling latex.c
compiling linked_list.c
compiling man.c
compiling map.c
compiling node.c
compiling plaintext.c
compiling plugin.c
compiling references.c
compiling registry.c
compiling render.c
compiling scanners.c
compiling strikethrough.c
compiling syntax_extension.c
compiling table.c
compiling tagfilter.c
compiling tasklist.c
compiling utf8.c
compiling xml.c
linking shared-object commonmarker/commonmarker.so
make[1]: Leaving directory '/home/runner/work/r-novice-gapminder/r-novice-gapminder/.vendor/bundle/ruby/2.7.0/gems/commonmarker-0.23.6/ext/commonmarker'

current directory: /home/runner/work/r-novice-gapminder/r-novice-gapminder/.vendor/bundle/ruby/2.7.0/gems/commonmarker-0.23.6/ext/commonmarker
make "DESTDIR=" install
make[1]: Entering directory '/home/runner/work/r-novice-gapminder/r-novice-gapminder/.vendor/bundle/ruby/2.7.0/gems/commonmarker-0.23.6/ext/commonmarker'
Makefile:176: warning: overriding recipe for target 'clean'
Ä·O2èU:176: warning: ignoring old recipe for target 'clean'
Makefile:183: warning: overriding recipe for target 'distclean'
Ä·O2èU:183: warning: ignoring old recipe for target 'distclean'
Makefile:191: warning: overriding recipe for target 'install-so'
Ä·O2èU:191: warning: ignoring old recipe for target 'install-so'
Makefile:201: warning: overriding recipe for target 'pre-install-rb-default'
Ä·O2èU:201: warning: ignoring old recipe for target 'pre-install-rb-default'
Makefile:203: warning: overriding recipe for target '.sitearchdir.-.commonmarker.time'
Ä·O2èU:203: warning: ignoring old recipe for target '.sitearchdir.-.commonmarker.time'
Makefile:213: warning: overriding recipe for target '.cc.o'
Ä·O2èU:213: warning: ignoring old recipe for target '.cc.o'
Makefile:217: warning: overriding recipe for target '.cc.S'
Ä·O2èU:217: warning: ignoring old recipe for target '.cc.S'
Makefile:221: warning: overriding recipe for target '.mm.o'
Ä·O2èU:221: warning: ignoring old recipe for target '.mm.o'
Makefile:225: warning: overriding recipe for target '.mm.S'
Ä·O2èU:225: warning: ignoring old recipe for target '.mm.S'
Makefile:229: warning: overriding recipe for target '.cxx.o'
Ä·O2èU:229: warning: ignoring old recipe for target '.cxx.o'
Makefile:233: warning: overriding recipe for target '.cxx.S'
Ä·O2èU:233: warning: ignoring old recipe for target '.cxx.S'
Makefile:237: warning: overriding recipe for target '.cpp.o'
Ä·O2èU:237: warning: ignoring old recipe for target '.cpp.o'
Makefile:241: warning: overriding recipe for target '.cpp.S'
Ä·O2èU:241: warning: ignoring old recipe for target '.cpp.S'
Makefile:245: warning: overriding recipe for target '.c.o'
Ä·O2èU:245: warning: ignoring old recipe for target '.c.o'
Makefile:249: warning: overriding recipe for target '.c.S'
Ä·O2èU:249: warning: ignoring old recipe for target '.c.S'
Makefile:253: warning: overriding recipe for target '.m.o'
Ä·O2èU:253: warning: ignoring old recipe for target '.m.o'
Makefile:257: warning: overriding recipe for target '.m.S'
Ä·O2èU:257: warning: ignoring old recipe for target '.m.S'
Makefile:261: warning: overriding recipe for target 'commonmarker.so'
Ä·O2èU:261: warning: ignoring old recipe for target 'commonmarker.so'
/usr/bin/install -c -m 0755 commonmarker.so ./.gem.20221223-4422-wlhwv8/commonmarker
make[1]: Leaving directory '/home/runner/work/r-novice-gapminder/r-novice-gapminder/.vendor/bundle/ruby/2.7.0/gems/commonmarker-0.23.6/ext/commonmarker'
